WARNING - 2023-11-29 04:33:57 --> [DEPRECATED] Creation of dynamic property App\Controllers\Home::$db is deprecated in APPPATH\Controllers\BaseController.php on line 58.
 1 SYSTEMPATH\CodeIgniter.php(915): App\Controllers\BaseController->initController(Object(CodeIgniter\HTTP\IncomingRequest), Object(CodeIgniter\HTTP\Response), Object(CodeIgniter\Log\Logger))
 2 SYSTEMPATH\CodeIgniter.php(493): CodeIgniter\CodeIgniter->createController()
 3 SYSTEMPATH\CodeIgniter.php(361): CodeIgniter\CodeIgniter->handleRequest(null, Object(Config\Cache), false)
 4 FCPATH\index.php(87): CodeIgniter\CodeIgniter->run()
WARNING - 2023-11-29 04:33:57 --> [DEPRECATED] Creation of dynamic property App\Controllers\Parking::$db is deprecated in APPPATH\Controllers\BaseController.php on line 58.
 1 SYSTEMPATH\CodeIgniter.php(915): App\Controllers\BaseController->initController(Object(CodeIgniter\HTTP\IncomingRequest), Object(CodeIgniter\HTTP\Response), Object(CodeIgniter\Log\Logger))
 2 SYSTEMPATH\CodeIgniter.php(493): CodeIgniter\CodeIgniter->createController()
 3 SYSTEMPATH\CodeIgniter.php(361): CodeIgniter\CodeIgniter->handleRequest(null, Object(Config\Cache), false)
 4 FCPATH\index.php(87): CodeIgniter\CodeIgniter->run()
WARNING - 2023-11-29 04:49:25 --> [DEPRECATED] Creation of dynamic property App\Controllers\Login::$db is deprecated in APPPATH\Controllers\BaseController.php on line 58.
 1 SYSTEMPATH\CodeIgniter.php(915): App\Controllers\BaseController->initController(Object(CodeIgniter\HTTP\IncomingRequest), Object(CodeIgniter\HTTP\Response), Object(CodeIgniter\Log\Logger))
 2 SYSTEMPATH\CodeIgniter.php(493): CodeIgniter\CodeIgniter->createController()
 3 SYSTEMPATH\CodeIgniter.php(361): CodeIgniter\CodeIgniter->handleRequest(null, Object(Config\Cache), false)
 4 FCPATH\index.php(87): CodeIgniter\CodeIgniter->run()
WARNING - 2023-11-29 04:49:26 --> [DEPRECATED] Creation of dynamic property App\Controllers\Login::$db is deprecated in APPPATH\Controllers\BaseController.php on line 58.
 1 SYSTEMPATH\CodeIgniter.php(915): App\Controllers\BaseController->initController(Object(CodeIgniter\HTTP\IncomingRequest), Object(CodeIgniter\HTTP\Response), Object(CodeIgniter\Log\Logger))
 2 SYSTEMPATH\CodeIgniter.php(493): CodeIgniter\CodeIgniter->createController()
 3 SYSTEMPATH\CodeIgniter.php(361): CodeIgniter\CodeIgniter->handleRequest(null, Object(Config\Cache), false)
 4 FCPATH\index.php(87): CodeIgniter\CodeIgniter->run()
WARNING - 2023-11-29 04:49:26 --> [DEPRECATED] Creation of dynamic property App\Controllers\Login::$db is deprecated in APPPATH\Controllers\BaseController.php on line 58.
 1 SYSTEMPATH\CodeIgniter.php(915): App\Controllers\BaseController->initController(Object(CodeIgniter\HTTP\IncomingRequest), Object(CodeIgniter\HTTP\Response), Object(CodeIgniter\Log\Logger))
 2 SYSTEMPATH\CodeIgniter.php(493): CodeIgniter\CodeIgniter->createController()
 3 SYSTEMPATH\CodeIgniter.php(361): CodeIgniter\CodeIgniter->handleRequest(null, Object(Config\Cache), false)
 4 FCPATH\index.php(87): CodeIgniter\CodeIgniter->run()
WARNING - 2023-11-29 04:49:26 --> [DEPRECATED] Creation of dynamic property App\Controllers\Parking::$db is deprecated in APPPATH\Controllers\BaseController.php on line 58.
 1 SYSTEMPATH\CodeIgniter.php(915): App\Controllers\BaseController->initController(Object(CodeIgniter\HTTP\IncomingRequest), Object(CodeIgniter\HTTP\Response), Object(CodeIgniter\Log\Logger))
 2 SYSTEMPATH\CodeIgniter.php(493): CodeIgniter\CodeIgniter->createController()
 3 SYSTEMPATH\CodeIgniter.php(361): CodeIgniter\CodeIgniter->handleRequest(null, Object(Config\Cache), false)
 4 FCPATH\index.php(87): CodeIgniter\CodeIgniter->run()
WARNING - 2023-11-29 04:49:26 --> [DEPRECATED] Creation of dynamic property App\Controllers\Home::$db is deprecated in APPPATH\Controllers\BaseController.php on line 58.
 1 SYSTEMPATH\CodeIgniter.php(915): App\Controllers\BaseController->initController(Object(CodeIgniter\HTTP\IncomingRequest), Object(CodeIgniter\HTTP\Response), Object(CodeIgniter\Log\Logger))
 2 SYSTEMPATH\CodeIgniter.php(493): CodeIgniter\CodeIgniter->createController()
 3 SYSTEMPATH\CodeIgniter.php(361): CodeIgniter\CodeIgniter->handleRequest(null, Object(Config\Cache), false)
 4 FCPATH\index.php(87): CodeIgniter\CodeIgniter->run()
WARNING - 2023-11-29 04:52:36 --> [DEPRECATED] Creation of dynamic property App\Controllers\Parking::$db is deprecated in APPPATH\Controllers\BaseController.php on line 58.
 1 SYSTEMPATH\CodeIgniter.php(915): App\Controllers\BaseController->initController(Object(CodeIgniter\HTTP\IncomingRequest), Object(CodeIgniter\HTTP\Response), Object(CodeIgniter\Log\Logger))
 2 SYSTEMPATH\CodeIgniter.php(493): CodeIgniter\CodeIgniter->createController()
 3 SYSTEMPATH\CodeIgniter.php(361): CodeIgniter\CodeIgniter->handleRequest(null, Object(Config\Cache), false)
 4 FCPATH\index.php(87): CodeIgniter\CodeIgniter->run()
WARNING - 2023-11-29 04:52:36 --> [DEPRECATED] Creation of dynamic property App\Controllers\Home::$db is deprecated in APPPATH\Controllers\BaseController.php on line 58.
 1 SYSTEMPATH\CodeIgniter.php(915): App\Controllers\BaseController->initController(Object(CodeIgniter\HTTP\IncomingRequest), Object(CodeIgniter\HTTP\Response), Object(CodeIgniter\Log\Logger))
 2 SYSTEMPATH\CodeIgniter.php(493): CodeIgniter\CodeIgniter->createController()
 3 SYSTEMPATH\CodeIgniter.php(361): CodeIgniter\CodeIgniter->handleRequest(null, Object(Config\Cache), false)
 4 FCPATH\index.php(87): CodeIgniter\CodeIgniter->run()
WARNING - 2023-11-29 04:59:12 --> [DEPRECATED] Creation of dynamic property App\Controllers\Home::$db is deprecated in APPPATH\Controllers\BaseController.php on line 58.
 1 SYSTEMPATH\CodeIgniter.php(915): App\Controllers\BaseController->initController(Object(CodeIgniter\HTTP\IncomingRequest), Object(CodeIgniter\HTTP\Response), Object(CodeIgniter\Log\Logger))
 2 SYSTEMPATH\CodeIgniter.php(493): CodeIgniter\CodeIgniter->createController()
 3 SYSTEMPATH\CodeIgniter.php(361): CodeIgniter\CodeIgniter->handleRequest(null, Object(Config\Cache), false)
 4 FCPATH\index.php(87): CodeIgniter\CodeIgniter->run()
WARNING - 2023-11-29 05:00:23 --> [DEPRECATED] Creation of dynamic property App\Controllers\Env::$db is deprecated in APPPATH\Controllers\BaseController.php on line 58.
 1 SYSTEMPATH\CodeIgniter.php(915): App\Controllers\BaseController->initController(Object(CodeIgniter\HTTP\IncomingRequest), Object(CodeIgniter\HTTP\Response), Object(CodeIgniter\Log\Logger))
 2 SYSTEMPATH\CodeIgniter.php(493): CodeIgniter\CodeIgniter->createController()
 3 SYSTEMPATH\CodeIgniter.php(361): CodeIgniter\CodeIgniter->handleRequest(null, Object(Config\Cache), false)
 4 FCPATH\index.php(87): CodeIgniter\CodeIgniter->run()
WARNING - 2023-11-29 05:02:08 --> [DEPRECATED] Creation of dynamic property App\Controllers\Env::$db is deprecated in APPPATH\Controllers\BaseController.php on line 58.
 1 SYSTEMPATH\CodeIgniter.php(915): App\Controllers\BaseController->initController(Object(CodeIgniter\HTTP\IncomingRequest), Object(CodeIgniter\HTTP\Response), Object(CodeIgniter\Log\Logger))
 2 SYSTEMPATH\CodeIgniter.php(493): CodeIgniter\CodeIgniter->createController()
 3 SYSTEMPATH\CodeIgniter.php(361): CodeIgniter\CodeIgniter->handleRequest(null, Object(Config\Cache), false)
 4 FCPATH\index.php(87): CodeIgniter\CodeIgniter->run()
WARNING - 2023-11-29 05:03:12 --> [DEPRECATED] Creation of dynamic property App\Controllers\Env::$db is deprecated in APPPATH\Controllers\BaseController.php on line 58.
 1 SYSTEMPATH\CodeIgniter.php(915): App\Controllers\BaseController->initController(Object(CodeIgniter\HTTP\IncomingRequest), Object(CodeIgniter\HTTP\Response), Object(CodeIgniter\Log\Logger))
 2 SYSTEMPATH\CodeIgniter.php(493): CodeIgniter\CodeIgniter->createController()
 3 SYSTEMPATH\CodeIgniter.php(361): CodeIgniter\CodeIgniter->handleRequest(null, Object(Config\Cache), false)
 4 FCPATH\index.php(87): CodeIgniter\CodeIgniter->run()
WARNING - 2023-11-29 05:06:42 --> [DEPRECATED] Creation of dynamic property App\Controllers\Env::$db is deprecated in APPPATH\Controllers\BaseController.php on line 58.
 1 SYSTEMPATH\CodeIgniter.php(915): App\Controllers\BaseController->initController(Object(CodeIgniter\HTTP\IncomingRequest), Object(CodeIgniter\HTTP\Response), Object(CodeIgniter\Log\Logger))
 2 SYSTEMPATH\CodeIgniter.php(493): CodeIgniter\CodeIgniter->createController()
 3 SYSTEMPATH\CodeIgniter.php(361): CodeIgniter\CodeIgniter->handleRequest(null, Object(Config\Cache), false)
 4 FCPATH\index.php(87): CodeIgniter\CodeIgniter->run()
WARNING - 2023-11-29 05:06:48 --> [DEPRECATED] Creation of dynamic property App\Controllers\Env::$db is deprecated in APPPATH\Controllers\BaseController.php on line 58.
 1 SYSTEMPATH\CodeIgniter.php(915): App\Controllers\BaseController->initController(Object(CodeIgniter\HTTP\IncomingRequest), Object(CodeIgniter\HTTP\Response), Object(CodeIgniter\Log\Logger))
 2 SYSTEMPATH\CodeIgniter.php(493): CodeIgniter\CodeIgniter->createController()
 3 SYSTEMPATH\CodeIgniter.php(361): CodeIgniter\CodeIgniter->handleRequest(null, Object(Config\Cache), false)
 4 FCPATH\index.php(87): CodeIgniter\CodeIgniter->run()
CRITICAL - 2023-11-29 05:08:21 --> Call to undefined method App\Controllers\Env::render()
in APPPATH\Controllers\Env.php on line 14.
 1 SYSTEMPATH\CodeIgniter.php(942): App\Controllers\Env->index()
 2 SYSTEMPATH\CodeIgniter.php(502): CodeIgniter\CodeIgniter->runController(Object(App\Controllers\Env))
 3 SYSTEMPATH\CodeIgniter.php(361): CodeIgniter\CodeIgniter->handleRequest(null, Object(Config\Cache), false)
 4 FCPATH\index.php(87): CodeIgniter\CodeIgniter->run()
CRITICAL - 2023-11-29 05:08:47 --> Call to undefined method App\Controllers\Env::render()
in APPPATH\Controllers\Env.php on line 14.
 1 SYSTEMPATH\CodeIgniter.php(942): App\Controllers\Env->index()
 2 SYSTEMPATH\CodeIgniter.php(502): CodeIgniter\CodeIgniter->runController(Object(App\Controllers\Env))
 3 SYSTEMPATH\CodeIgniter.php(361): CodeIgniter\CodeIgniter->handleRequest(null, Object(Config\Cache), false)
 4 FCPATH\index.php(87): CodeIgniter\CodeIgniter->run()
WARNING - 2023-11-29 05:08:59 --> [DEPRECATED] Creation of dynamic property App\Controllers\Env::$db is deprecated in APPPATH\Controllers\BaseController.php on line 58.
 1 SYSTEMPATH\CodeIgniter.php(915): App\Controllers\BaseController->initController(Object(CodeIgniter\HTTP\IncomingRequest), Object(CodeIgniter\HTTP\Response), Object(CodeIgniter\Log\Logger))
 2 SYSTEMPATH\CodeIgniter.php(493): CodeIgniter\CodeIgniter->createController()
 3 SYSTEMPATH\CodeIgniter.php(361): CodeIgniter\CodeIgniter->handleRequest(null, Object(Config\Cache), false)
 4 FCPATH\index.php(87): CodeIgniter\CodeIgniter->run()
WARNING - 2023-11-29 05:09:02 --> [DEPRECATED] Creation of dynamic property App\Controllers\Env::$db is deprecated in APPPATH\Controllers\BaseController.php on line 58.
 1 SYSTEMPATH\CodeIgniter.php(915): App\Controllers\BaseController->initController(Object(CodeIgniter\HTTP\IncomingRequest), Object(CodeIgniter\HTTP\Response), Object(CodeIgniter\Log\Logger))
 2 SYSTEMPATH\CodeIgniter.php(493): CodeIgniter\CodeIgniter->createController()
 3 SYSTEMPATH\CodeIgniter.php(361): CodeIgniter\CodeIgniter->handleRequest(null, Object(Config\Cache), false)
 4 FCPATH\index.php(87): CodeIgniter\CodeIgniter->run()
WARNING - 2023-11-29 05:09:42 --> [DEPRECATED] Creation of dynamic property App\Controllers\Env::$db is deprecated in APPPATH\Controllers\BaseController.php on line 58.
 1 SYSTEMPATH\CodeIgniter.php(915): App\Controllers\BaseController->initController(Object(CodeIgniter\HTTP\IncomingRequest), Object(CodeIgniter\HTTP\Response), Object(CodeIgniter\Log\Logger))
 2 SYSTEMPATH\CodeIgniter.php(493): CodeIgniter\CodeIgniter->createController()
 3 SYSTEMPATH\CodeIgniter.php(361): CodeIgniter\CodeIgniter->handleRequest(null, Object(Config\Cache), false)
 4 FCPATH\index.php(87): CodeIgniter\CodeIgniter->run()
WARNING - 2023-11-29 05:09:56 --> [DEPRECATED] Creation of dynamic property App\Controllers\Env::$db is deprecated in APPPATH\Controllers\BaseController.php on line 58.
 1 SYSTEMPATH\CodeIgniter.php(915): App\Controllers\BaseController->initController(Object(CodeIgniter\HTTP\IncomingRequest), Object(CodeIgniter\HTTP\Response), Object(CodeIgniter\Log\Logger))
 2 SYSTEMPATH\CodeIgniter.php(493): CodeIgniter\CodeIgniter->createController()
 3 SYSTEMPATH\CodeIgniter.php(361): CodeIgniter\CodeIgniter->handleRequest(null, Object(Config\Cache), false)
 4 FCPATH\index.php(87): CodeIgniter\CodeIgniter->run()
WARNING - 2023-11-29 05:10:20 --> [DEPRECATED] Creation of dynamic property App\Controllers\Env::$db is deprecated in APPPATH\Controllers\BaseController.php on line 58.
 1 SYSTEMPATH\CodeIgniter.php(915): App\Controllers\BaseController->initController(Object(CodeIgniter\HTTP\IncomingRequest), Object(CodeIgniter\HTTP\Response), Object(CodeIgniter\Log\Logger))
 2 SYSTEMPATH\CodeIgniter.php(493): CodeIgniter\CodeIgniter->createController()
 3 SYSTEMPATH\CodeIgniter.php(361): CodeIgniter\CodeIgniter->handleRequest(null, Object(Config\Cache), false)
 4 FCPATH\index.php(87): CodeIgniter\CodeIgniter->run()
WARNING - 2023-11-29 05:10:29 --> [DEPRECATED] Creation of dynamic property App\Controllers\Env::$db is deprecated in APPPATH\Controllers\BaseController.php on line 58.
 1 SYSTEMPATH\CodeIgniter.php(915): App\Controllers\BaseController->initController(Object(CodeIgniter\HTTP\IncomingRequest), Object(CodeIgniter\HTTP\Response), Object(CodeIgniter\Log\Logger))
 2 SYSTEMPATH\CodeIgniter.php(493): CodeIgniter\CodeIgniter->createController()
 3 SYSTEMPATH\CodeIgniter.php(361): CodeIgniter\CodeIgniter->handleRequest(null, Object(Config\Cache), false)
 4 FCPATH\index.php(87): CodeIgniter\CodeIgniter->run()
WARNING - 2023-11-29 05:10:32 --> [DEPRECATED] Creation of dynamic property App\Controllers\Env::$db is deprecated in APPPATH\Controllers\BaseController.php on line 58.
 1 SYSTEMPATH\CodeIgniter.php(915): App\Controllers\BaseController->initController(Object(CodeIgniter\HTTP\IncomingRequest), Object(CodeIgniter\HTTP\Response), Object(CodeIgniter\Log\Logger))
 2 SYSTEMPATH\CodeIgniter.php(493): CodeIgniter\CodeIgniter->createController()
 3 SYSTEMPATH\CodeIgniter.php(361): CodeIgniter\CodeIgniter->handleRequest(null, Object(Config\Cache), false)
 4 FCPATH\index.php(87): CodeIgniter\CodeIgniter->run()
WARNING - 2023-11-29 05:10:39 --> [DEPRECATED] Creation of dynamic property App\Controllers\Env::$db is deprecated in APPPATH\Controllers\BaseController.php on line 58.
 1 SYSTEMPATH\CodeIgniter.php(915): App\Controllers\BaseController->initController(Object(CodeIgniter\HTTP\IncomingRequest), Object(CodeIgniter\HTTP\Response), Object(CodeIgniter\Log\Logger))
 2 SYSTEMPATH\CodeIgniter.php(493): CodeIgniter\CodeIgniter->createController()
 3 SYSTEMPATH\CodeIgniter.php(361): CodeIgniter\CodeIgniter->handleRequest(null, Object(Config\Cache), false)
 4 FCPATH\index.php(87): CodeIgniter\CodeIgniter->run()
WARNING - 2023-11-29 05:10:52 --> [DEPRECATED] Creation of dynamic property App\Controllers\Env::$db is deprecated in APPPATH\Controllers\BaseController.php on line 58.
 1 SYSTEMPATH\CodeIgniter.php(915): App\Controllers\BaseController->initController(Object(CodeIgniter\HTTP\IncomingRequest), Object(CodeIgniter\HTTP\Response), Object(CodeIgniter\Log\Logger))
 2 SYSTEMPATH\CodeIgniter.php(493): CodeIgniter\CodeIgniter->createController()
 3 SYSTEMPATH\CodeIgniter.php(361): CodeIgniter\CodeIgniter->handleRequest(null, Object(Config\Cache), false)
 4 FCPATH\index.php(87): CodeIgniter\CodeIgniter->run()
WARNING - 2023-11-29 05:12:11 --> [DEPRECATED] Creation of dynamic property App\Controllers\Env::$db is deprecated in APPPATH\Controllers\BaseController.php on line 58.
 1 SYSTEMPATH\CodeIgniter.php(915): App\Controllers\BaseController->initController(Object(CodeIgniter\HTTP\IncomingRequest), Object(CodeIgniter\HTTP\Response), Object(CodeIgniter\Log\Logger))
 2 SYSTEMPATH\CodeIgniter.php(493): CodeIgniter\CodeIgniter->createController()
 3 SYSTEMPATH\CodeIgniter.php(361): CodeIgniter\CodeIgniter->handleRequest(null, Object(Config\Cache), false)
 4 FCPATH\index.php(87): CodeIgniter\CodeIgniter->run()
WARNING - 2023-11-29 05:12:48 --> [DEPRECATED] Creation of dynamic property App\Controllers\Env::$db is deprecated in APPPATH\Controllers\BaseController.php on line 58.
 1 SYSTEMPATH\CodeIgniter.php(915): App\Controllers\BaseController->initController(Object(CodeIgniter\HTTP\IncomingRequest), Object(CodeIgniter\HTTP\Response), Object(CodeIgniter\Log\Logger))
 2 SYSTEMPATH\CodeIgniter.php(493): CodeIgniter\CodeIgniter->createController()
 3 SYSTEMPATH\CodeIgniter.php(361): CodeIgniter\CodeIgniter->handleRequest(null, Object(Config\Cache), false)
 4 FCPATH\index.php(87): CodeIgniter\CodeIgniter->run()
WARNING - 2023-11-29 05:12:58 --> [DEPRECATED] Creation of dynamic property App\Controllers\Env::$db is deprecated in APPPATH\Controllers\BaseController.php on line 58.
 1 SYSTEMPATH\CodeIgniter.php(915): App\Controllers\BaseController->initController(Object(CodeIgniter\HTTP\IncomingRequest), Object(CodeIgniter\HTTP\Response), Object(CodeIgniter\Log\Logger))
 2 SYSTEMPATH\CodeIgniter.php(493): CodeIgniter\CodeIgniter->createController()
 3 SYSTEMPATH\CodeIgniter.php(361): CodeIgniter\CodeIgniter->handleRequest(null, Object(Config\Cache), false)
 4 FCPATH\index.php(87): CodeIgniter\CodeIgniter->run()
CRITICAL - 2023-11-29 05:12:58 --> Undefined array key "socket_url"
in APPPATH\Controllers\Env.php on line 18.
 1 APPPATH\Controllers\Env.php(18): CodeIgniter\Debug\Exceptions->errorHandler(2, 'Undefined array key "socket_url"', 'C:\\xampp8240\\htdocs\\app\\clients\\chandra\\api\\app\\Controllers\\Env.php', 18)
 2 SYSTEMPATH\CodeIgniter.php(942): App\Controllers\Env->index()
 3 SYSTEMPATH\CodeIgniter.php(502): CodeIgniter\CodeIgniter->runController(Object(App\Controllers\Env))
 4 SYSTEMPATH\CodeIgniter.php(361): CodeIgniter\CodeIgniter->handleRequest(null, Object(Config\Cache), false)
 5 FCPATH\index.php(87): CodeIgniter\CodeIgniter->run()
WARNING - 2023-11-29 05:13:03 --> [DEPRECATED] Creation of dynamic property App\Controllers\Env::$db is deprecated in APPPATH\Controllers\BaseController.php on line 58.
 1 SYSTEMPATH\CodeIgniter.php(915): App\Controllers\BaseController->initController(Object(CodeIgniter\HTTP\IncomingRequest), Object(CodeIgniter\HTTP\Response), Object(CodeIgniter\Log\Logger))
 2 SYSTEMPATH\CodeIgniter.php(493): CodeIgniter\CodeIgniter->createController()
 3 SYSTEMPATH\CodeIgniter.php(361): CodeIgniter\CodeIgniter->handleRequest(null, Object(Config\Cache), false)
 4 FCPATH\index.php(87): CodeIgniter\CodeIgniter->run()
WARNING - 2023-11-29 05:13:34 --> [DEPRECATED] Creation of dynamic property App\Controllers\Env::$db is deprecated in APPPATH\Controllers\BaseController.php on line 58.
 1 SYSTEMPATH\CodeIgniter.php(915): App\Controllers\BaseController->initController(Object(CodeIgniter\HTTP\IncomingRequest), Object(CodeIgniter\HTTP\Response), Object(CodeIgniter\Log\Logger))
 2 SYSTEMPATH\CodeIgniter.php(493): CodeIgniter\CodeIgniter->createController()
 3 SYSTEMPATH\CodeIgniter.php(361): CodeIgniter\CodeIgniter->handleRequest(null, Object(Config\Cache), false)
 4 FCPATH\index.php(87): CodeIgniter\CodeIgniter->run()
WARNING - 2023-11-29 05:35:51 --> [DEPRECATED] Creation of dynamic property App\Controllers\Env::$db is deprecated in APPPATH\Controllers\BaseController.php on line 58.
 1 SYSTEMPATH\CodeIgniter.php(915): App\Controllers\BaseController->initController(Object(CodeIgniter\HTTP\IncomingRequest), Object(CodeIgniter\HTTP\Response), Object(CodeIgniter\Log\Logger))
 2 SYSTEMPATH\CodeIgniter.php(493): CodeIgniter\CodeIgniter->createController()
 3 SYSTEMPATH\CodeIgniter.php(361): CodeIgniter\CodeIgniter->handleRequest(null, Object(Config\Cache), false)
 4 FCPATH\index.php(87): CodeIgniter\CodeIgniter->run()
WARNING - 2023-11-29 05:40:40 --> [DEPRECATED] Creation of dynamic property App\Controllers\Env::$db is deprecated in APPPATH\Controllers\BaseController.php on line 58.
 1 SYSTEMPATH\CodeIgniter.php(915): App\Controllers\BaseController->initController(Object(CodeIgniter\HTTP\IncomingRequest), Object(CodeIgniter\HTTP\Response), Object(CodeIgniter\Log\Logger))
 2 SYSTEMPATH\CodeIgniter.php(493): CodeIgniter\CodeIgniter->createController()
 3 SYSTEMPATH\CodeIgniter.php(361): CodeIgniter\CodeIgniter->handleRequest(null, Object(Config\Cache), false)
 4 FCPATH\index.php(87): CodeIgniter\CodeIgniter->run()
WARNING - 2023-11-29 05:40:47 --> [DEPRECATED] Creation of dynamic property App\Controllers\Home::$db is deprecated in APPPATH\Controllers\BaseController.php on line 58.
 1 SYSTEMPATH\CodeIgniter.php(915): App\Controllers\BaseController->initController(Object(CodeIgniter\HTTP\IncomingRequest), Object(CodeIgniter\HTTP\Response), Object(CodeIgniter\Log\Logger))
 2 SYSTEMPATH\CodeIgniter.php(493): CodeIgniter\CodeIgniter->createController()
 3 SYSTEMPATH\CodeIgniter.php(361): CodeIgniter\CodeIgniter->handleRequest(null, Object(Config\Cache), false)
 4 FCPATH\index.php(87): CodeIgniter\CodeIgniter->run()
WARNING - 2023-11-29 05:40:47 --> [DEPRECATED] Creation of dynamic property App\Controllers\Parking::$db is deprecated in APPPATH\Controllers\BaseController.php on line 58.
 1 SYSTEMPATH\CodeIgniter.php(915): App\Controllers\BaseController->initController(Object(CodeIgniter\HTTP\IncomingRequest), Object(CodeIgniter\HTTP\Response), Object(CodeIgniter\Log\Logger))
 2 SYSTEMPATH\CodeIgniter.php(493): CodeIgniter\CodeIgniter->createController()
 3 SYSTEMPATH\CodeIgniter.php(361): CodeIgniter\CodeIgniter->handleRequest(null, Object(Config\Cache), false)
 4 FCPATH\index.php(87): CodeIgniter\CodeIgniter->run()
WARNING - 2023-11-29 05:46:09 --> [DEPRECATED] Creation of dynamic property App\Controllers\Env::$db is deprecated in APPPATH\Controllers\BaseController.php on line 58.
 1 SYSTEMPATH\CodeIgniter.php(915): App\Controllers\BaseController->initController(Object(CodeIgniter\HTTP\IncomingRequest), Object(CodeIgniter\HTTP\Response), Object(CodeIgniter\Log\Logger))
 2 SYSTEMPATH\CodeIgniter.php(493): CodeIgniter\CodeIgniter->createController()
 3 SYSTEMPATH\CodeIgniter.php(361): CodeIgniter\CodeIgniter->handleRequest(null, Object(Config\Cache), false)
 4 FCPATH\index.php(87): CodeIgniter\CodeIgniter->run()
WARNING - 2023-11-29 05:46:12 --> [DEPRECATED] Creation of dynamic property App\Controllers\Login::$db is deprecated in APPPATH\Controllers\BaseController.php on line 58.
 1 SYSTEMPATH\CodeIgniter.php(915): App\Controllers\BaseController->initController(Object(CodeIgniter\HTTP\IncomingRequest), Object(CodeIgniter\HTTP\Response), Object(CodeIgniter\Log\Logger))
 2 SYSTEMPATH\CodeIgniter.php(493): CodeIgniter\CodeIgniter->createController()
 3 SYSTEMPATH\CodeIgniter.php(361): CodeIgniter\CodeIgniter->handleRequest(null, Object(Config\Cache), false)
 4 FCPATH\index.php(87): CodeIgniter\CodeIgniter->run()
WARNING - 2023-11-29 05:46:12 --> [DEPRECATED] Creation of dynamic property App\Controllers\Home::$db is deprecated in APPPATH\Controllers\BaseController.php on line 58.
 1 SYSTEMPATH\CodeIgniter.php(915): App\Controllers\BaseController->initController(Object(CodeIgniter\HTTP\IncomingRequest), Object(CodeIgniter\HTTP\Response), Object(CodeIgniter\Log\Logger))
 2 SYSTEMPATH\CodeIgniter.php(493): CodeIgniter\CodeIgniter->createController()
 3 SYSTEMPATH\CodeIgniter.php(361): CodeIgniter\CodeIgniter->handleRequest(null, Object(Config\Cache), false)
 4 FCPATH\index.php(87): CodeIgniter\CodeIgniter->run()
WARNING - 2023-11-29 05:46:12 --> [DEPRECATED] Creation of dynamic property App\Controllers\Login::$db is deprecated in APPPATH\Controllers\BaseController.php on line 58.
 1 SYSTEMPATH\CodeIgniter.php(915): App\Controllers\BaseController->initController(Object(CodeIgniter\HTTP\IncomingRequest), Object(CodeIgniter\HTTP\Response), Object(CodeIgniter\Log\Logger))
 2 SYSTEMPATH\CodeIgniter.php(493): CodeIgniter\CodeIgniter->createController()
 3 SYSTEMPATH\CodeIgniter.php(361): CodeIgniter\CodeIgniter->handleRequest(null, Object(Config\Cache), false)
 4 FCPATH\index.php(87): CodeIgniter\CodeIgniter->run()
WARNING - 2023-11-29 05:46:12 --> [DEPRECATED] Creation of dynamic property App\Controllers\Parking::$db is deprecated in APPPATH\Controllers\BaseController.php on line 58.
 1 SYSTEMPATH\CodeIgniter.php(915): App\Controllers\BaseController->initController(Object(CodeIgniter\HTTP\IncomingRequest), Object(CodeIgniter\HTTP\Response), Object(CodeIgniter\Log\Logger))
 2 SYSTEMPATH\CodeIgniter.php(493): CodeIgniter\CodeIgniter->createController()
 3 SYSTEMPATH\CodeIgniter.php(361): CodeIgniter\CodeIgniter->handleRequest(null, Object(Config\Cache), false)
 4 FCPATH\index.php(87): CodeIgniter\CodeIgniter->run()
WARNING - 2023-11-29 05:46:12 --> [DEPRECATED] Creation of dynamic property App\Controllers\Parking::$db is deprecated in APPPATH\Controllers\BaseController.php on line 58.
 1 SYSTEMPATH\CodeIgniter.php(915): App\Controllers\BaseController->initController(Object(CodeIgniter\HTTP\IncomingRequest), Object(CodeIgniter\HTTP\Response), Object(CodeIgniter\Log\Logger))
 2 SYSTEMPATH\CodeIgniter.php(493): CodeIgniter\CodeIgniter->createController()
 3 SYSTEMPATH\CodeIgniter.php(361): CodeIgniter\CodeIgniter->handleRequest(null, Object(Config\Cache), false)
 4 FCPATH\index.php(87): CodeIgniter\CodeIgniter->run()
WARNING - 2023-11-29 05:46:12 --> [DEPRECATED] Creation of dynamic property App\Controllers\Home::$db is deprecated in APPPATH\Controllers\BaseController.php on line 58.
 1 SYSTEMPATH\CodeIgniter.php(915): App\Controllers\BaseController->initController(Object(CodeIgniter\HTTP\IncomingRequest), Object(CodeIgniter\HTTP\Response), Object(CodeIgniter\Log\Logger))
 2 SYSTEMPATH\CodeIgniter.php(493): CodeIgniter\CodeIgniter->createController()
 3 SYSTEMPATH\CodeIgniter.php(361): CodeIgniter\CodeIgniter->handleRequest(null, Object(Config\Cache), false)
 4 FCPATH\index.php(87): CodeIgniter\CodeIgniter->run()
WARNING - 2023-11-29 05:46:27 --> [DEPRECATED] Creation of dynamic property App\Controllers\Parking::$db is deprecated in APPPATH\Controllers\BaseController.php on line 58.
 1 SYSTEMPATH\CodeIgniter.php(915): App\Controllers\BaseController->initController(Object(CodeIgniter\HTTP\IncomingRequest), Object(CodeIgniter\HTTP\Response), Object(CodeIgniter\Log\Logger))
 2 SYSTEMPATH\CodeIgniter.php(493): CodeIgniter\CodeIgniter->createController()
 3 SYSTEMPATH\CodeIgniter.php(361): CodeIgniter\CodeIgniter->handleRequest(null, Object(Config\Cache), false)
 4 FCPATH\index.php(87): CodeIgniter\CodeIgniter->run()
WARNING - 2023-11-29 05:46:27 --> [DEPRECATED] Creation of dynamic property App\Controllers\Home::$db is deprecated in APPPATH\Controllers\BaseController.php on line 58.
 1 SYSTEMPATH\CodeIgniter.php(915): App\Controllers\BaseController->initController(Object(CodeIgniter\HTTP\IncomingRequest), Object(CodeIgniter\HTTP\Response), Object(CodeIgniter\Log\Logger))
 2 SYSTEMPATH\CodeIgniter.php(493): CodeIgniter\CodeIgniter->createController()
 3 SYSTEMPATH\CodeIgniter.php(361): CodeIgniter\CodeIgniter->handleRequest(null, Object(Config\Cache), false)
 4 FCPATH\index.php(87): CodeIgniter\CodeIgniter->run()
WARNING - 2023-11-29 05:46:47 --> [DEPRECATED] Creation of dynamic property App\Controllers\Env::$db is deprecated in APPPATH\Controllers\BaseController.php on line 58.
 1 SYSTEMPATH\CodeIgniter.php(915): App\Controllers\BaseController->initController(Object(CodeIgniter\HTTP\IncomingRequest), Object(CodeIgniter\HTTP\Response), Object(CodeIgniter\Log\Logger))
 2 SYSTEMPATH\CodeIgniter.php(493): CodeIgniter\CodeIgniter->createController()
 3 SYSTEMPATH\CodeIgniter.php(361): CodeIgniter\CodeIgniter->handleRequest(null, Object(Config\Cache), false)
 4 FCPATH\index.php(87): CodeIgniter\CodeIgniter->run()
WARNING - 2023-11-29 05:46:47 --> [DEPRECATED] Creation of dynamic property App\Controllers\Parking::$db is deprecated in APPPATH\Controllers\BaseController.php on line 58.
 1 SYSTEMPATH\CodeIgniter.php(915): App\Controllers\BaseController->initController(Object(CodeIgniter\HTTP\IncomingRequest), Object(CodeIgniter\HTTP\Response), Object(CodeIgniter\Log\Logger))
 2 SYSTEMPATH\CodeIgniter.php(493): CodeIgniter\CodeIgniter->createController()
 3 SYSTEMPATH\CodeIgniter.php(361): CodeIgniter\CodeIgniter->handleRequest(null, Object(Config\Cache), false)
 4 FCPATH\index.php(87): CodeIgniter\CodeIgniter->run()
WARNING - 2023-11-29 05:46:47 --> [DEPRECATED] Creation of dynamic property App\Controllers\Home::$db is deprecated in APPPATH\Controllers\BaseController.php on line 58.
 1 SYSTEMPATH\CodeIgniter.php(915): App\Controllers\BaseController->initController(Object(CodeIgniter\HTTP\IncomingRequest), Object(CodeIgniter\HTTP\Response), Object(CodeIgniter\Log\Logger))
 2 SYSTEMPATH\CodeIgniter.php(493): CodeIgniter\CodeIgniter->createController()
 3 SYSTEMPATH\CodeIgniter.php(361): CodeIgniter\CodeIgniter->handleRequest(null, Object(Config\Cache), false)
 4 FCPATH\index.php(87): CodeIgniter\CodeIgniter->run()
WARNING - 2023-11-29 05:46:52 --> [DEPRECATED] Creation of dynamic property App\Controllers\KioskUuid::$db is deprecated in APPPATH\Controllers\BaseController.php on line 58.
 1 SYSTEMPATH\CodeIgniter.php(915): App\Controllers\BaseController->initController(Object(CodeIgniter\HTTP\IncomingRequest), Object(CodeIgniter\HTTP\Response), Object(CodeIgniter\Log\Logger))
 2 SYSTEMPATH\CodeIgniter.php(493): CodeIgniter\CodeIgniter->createController()
 3 SYSTEMPATH\CodeIgniter.php(361): CodeIgniter\CodeIgniter->handleRequest(null, Object(Config\Cache), false)
 4 FCPATH\index.php(87): CodeIgniter\CodeIgniter->run()
WARNING - 2023-11-29 05:46:52 --> [DEPRECATED] Creation of dynamic property App\Controllers\Parking::$db is deprecated in APPPATH\Controllers\BaseController.php on line 58.
 1 SYSTEMPATH\CodeIgniter.php(915): App\Controllers\BaseController->initController(Object(CodeIgniter\HTTP\IncomingRequest), Object(CodeIgniter\HTTP\Response), Object(CodeIgniter\Log\Logger))
 2 SYSTEMPATH\CodeIgniter.php(493): CodeIgniter\CodeIgniter->createController()
 3 SYSTEMPATH\CodeIgniter.php(361): CodeIgniter\CodeIgniter->handleRequest(null, Object(Config\Cache), false)
 4 FCPATH\index.php(87): CodeIgniter\CodeIgniter->run()
WARNING - 2023-11-29 05:46:53 --> [DEPRECATED] Creation of dynamic property App\Controllers\Cart::$db is deprecated in APPPATH\Controllers\BaseController.php on line 58.
 1 SYSTEMPATH\CodeIgniter.php(915): App\Controllers\BaseController->initController(Object(CodeIgniter\HTTP\IncomingRequest), Object(CodeIgniter\HTTP\Response), Object(CodeIgniter\Log\Logger))
 2 SYSTEMPATH\CodeIgniter.php(493): CodeIgniter\CodeIgniter->createController()
 3 SYSTEMPATH\CodeIgniter.php(361): CodeIgniter\CodeIgniter->handleRequest(null, Object(Config\Cache), false)
 4 FCPATH\index.php(87): CodeIgniter\CodeIgniter->run()
WARNING - 2023-11-29 05:46:53 --> [DEPRECATED] Creation of dynamic property App\Controllers\Func::$db is deprecated in APPPATH\Controllers\BaseController.php on line 58.
 1 SYSTEMPATH\CodeIgniter.php(915): App\Controllers\BaseController->initController(Object(CodeIgniter\HTTP\IncomingRequest), Object(CodeIgniter\HTTP\Response), Object(CodeIgniter\Log\Logger))
 2 SYSTEMPATH\CodeIgniter.php(493): CodeIgniter\CodeIgniter->createController()
 3 SYSTEMPATH\CodeIgniter.php(361): CodeIgniter\CodeIgniter->handleRequest(null, Object(Config\Cache), false)
 4 FCPATH\index.php(87): CodeIgniter\CodeIgniter->run()
WARNING - 2023-11-29 05:47:01 --> [DEPRECATED] Creation of dynamic property App\Controllers\Cart::$db is deprecated in APPPATH\Controllers\BaseController.php on line 58.
 1 SYSTEMPATH\CodeIgniter.php(915): App\Controllers\BaseController->initController(Object(CodeIgniter\HTTP\IncomingRequest), Object(CodeIgniter\HTTP\Response), Object(CodeIgniter\Log\Logger))
 2 SYSTEMPATH\CodeIgniter.php(493): CodeIgniter\CodeIgniter->createController()
 3 SYSTEMPATH\CodeIgniter.php(361): CodeIgniter\CodeIgniter->handleRequest(null, Object(Config\Cache), false)
 4 FCPATH\index.php(87): CodeIgniter\CodeIgniter->run()
WARNING - 2023-11-29 05:47:02 --> [DEPRECATED] Creation of dynamic property App\Controllers\Cart::$db is deprecated in APPPATH\Controllers\BaseController.php on line 58.
 1 SYSTEMPATH\CodeIgniter.php(915): App\Controllers\BaseController->initController(Object(CodeIgniter\HTTP\IncomingRequest), Object(CodeIgniter\HTTP\Response), Object(CodeIgniter\Log\Logger))
 2 SYSTEMPATH\CodeIgniter.php(493): CodeIgniter\CodeIgniter->createController()
 3 SYSTEMPATH\CodeIgniter.php(361): CodeIgniter\CodeIgniter->handleRequest(null, Object(Config\Cache), false)
 4 FCPATH\index.php(87): CodeIgniter\CodeIgniter->run()
WARNING - 2023-11-29 05:47:15 --> [DEPRECATED] Creation of dynamic property App\Controllers\Cart::$db is deprecated in APPPATH\Controllers\BaseController.php on line 58.
 1 SYSTEMPATH\CodeIgniter.php(915): App\Controllers\BaseController->initController(Object(CodeIgniter\HTTP\IncomingRequest), Object(CodeIgniter\HTTP\Response), Object(CodeIgniter\Log\Logger))
 2 SYSTEMPATH\CodeIgniter.php(493): CodeIgniter\CodeIgniter->createController()
 3 SYSTEMPATH\CodeIgniter.php(361): CodeIgniter\CodeIgniter->handleRequest(null, Object(Config\Cache), false)
 4 FCPATH\index.php(87): CodeIgniter\CodeIgniter->run()
WARNING - 2023-11-29 05:47:15 --> [DEPRECATED] Creation of dynamic property App\Controllers\Cart::$db is deprecated in APPPATH\Controllers\BaseController.php on line 58.
 1 SYSTEMPATH\CodeIgniter.php(915): App\Controllers\BaseController->initController(Object(CodeIgniter\HTTP\IncomingRequest), Object(CodeIgniter\HTTP\Response), Object(CodeIgniter\Log\Logger))
 2 SYSTEMPATH\CodeIgniter.php(493): CodeIgniter\CodeIgniter->createController()
 3 SYSTEMPATH\CodeIgniter.php(361): CodeIgniter\CodeIgniter->handleRequest(null, Object(Config\Cache), false)
 4 FCPATH\index.php(87): CodeIgniter\CodeIgniter->run()
WARNING - 2023-11-29 05:47:15 --> [DEPRECATED] Creation of dynamic property App\Controllers\Payment::$db is deprecated in APPPATH\Controllers\BaseController.php on line 58.
 1 SYSTEMPATH\CodeIgniter.php(915): App\Controllers\BaseController->initController(Object(CodeIgniter\HTTP\IncomingRequest), Object(CodeIgniter\HTTP\Response), Object(CodeIgniter\Log\Logger))
 2 SYSTEMPATH\CodeIgniter.php(493): CodeIgniter\CodeIgniter->createController()
 3 SYSTEMPATH\CodeIgniter.php(361): CodeIgniter\CodeIgniter->handleRequest(null, Object(Config\Cache), false)
 4 FCPATH\index.php(87): CodeIgniter\CodeIgniter->run()
WARNING - 2023-11-29 05:47:15 --> [DEPRECATED] Creation of dynamic property App\Controllers\Payment::$db is deprecated in APPPATH\Controllers\BaseController.php on line 58.
 1 SYSTEMPATH\CodeIgniter.php(915): App\Controllers\BaseController->initController(Object(CodeIgniter\HTTP\IncomingRequest), Object(CodeIgniter\HTTP\Response), Object(CodeIgniter\Log\Logger))
 2 SYSTEMPATH\CodeIgniter.php(493): CodeIgniter\CodeIgniter->createController()
 3 SYSTEMPATH\CodeIgniter.php(361): CodeIgniter\CodeIgniter->handleRequest(null, Object(Config\Cache), false)
 4 FCPATH\index.php(87): CodeIgniter\CodeIgniter->run()
WARNING - 2023-11-29 05:47:27 --> [DEPRECATED] Creation of dynamic property App\Controllers\Payment::$db is deprecated in APPPATH\Controllers\BaseController.php on line 58.
 1 SYSTEMPATH\CodeIgniter.php(915): App\Controllers\BaseController->initController(Object(CodeIgniter\HTTP\IncomingRequest), Object(CodeIgniter\HTTP\Response), Object(CodeIgniter\Log\Logger))
 2 SYSTEMPATH\CodeIgniter.php(493): CodeIgniter\CodeIgniter->createController()
 3 SYSTEMPATH\CodeIgniter.php(361): CodeIgniter\CodeIgniter->handleRequest(null, Object(Config\Cache), false)
 4 FCPATH\index.php(87): CodeIgniter\CodeIgniter->run()
WARNING - 2023-11-29 05:47:27 --> [DEPRECATED] Creation of dynamic property App\Controllers\Payment::$db is deprecated in APPPATH\Controllers\BaseController.php on line 58.
 1 SYSTEMPATH\CodeIgniter.php(915): App\Controllers\BaseController->initController(Object(CodeIgniter\HTTP\IncomingRequest), Object(CodeIgniter\HTTP\Response), Object(CodeIgniter\Log\Logger))
 2 SYSTEMPATH\CodeIgniter.php(493): CodeIgniter\CodeIgniter->createController()
 3 SYSTEMPATH\CodeIgniter.php(361): CodeIgniter\CodeIgniter->handleRequest(null, Object(Config\Cache), false)
 4 FCPATH\index.php(87): CodeIgniter\CodeIgniter->run()
WARNING - 2023-11-29 05:47:27 --> [DEPRECATED] Creation of dynamic property App\Controllers\Payment::$db is deprecated in APPPATH\Controllers\BaseController.php on line 58.
 1 SYSTEMPATH\CodeIgniter.php(915): App\Controllers\BaseController->initController(Object(CodeIgniter\HTTP\IncomingRequest), Object(CodeIgniter\HTTP\Response), Object(CodeIgniter\Log\Logger))
 2 SYSTEMPATH\CodeIgniter.php(493): CodeIgniter\CodeIgniter->createController()
 3 SYSTEMPATH\CodeIgniter.php(361): CodeIgniter\CodeIgniter->handleRequest(null, Object(Config\Cache), false)
 4 FCPATH\index.php(87): CodeIgniter\CodeIgniter->run()
WARNING - 2023-11-29 05:47:28 --> [DEPRECATED] Creation of dynamic property App\Controllers\Printing::$db is deprecated in APPPATH\Controllers\BaseController.php on line 58.
 1 SYSTEMPATH\CodeIgniter.php(915): App\Controllers\BaseController->initController(Object(CodeIgniter\HTTP\IncomingRequest), Object(CodeIgniter\HTTP\Response), Object(CodeIgniter\Log\Logger))
 2 SYSTEMPATH\CodeIgniter.php(493): CodeIgniter\CodeIgniter->createController()
 3 SYSTEMPATH\CodeIgniter.php(361): CodeIgniter\CodeIgniter->handleRequest(null, Object(Config\Cache), false)
 4 FCPATH\index.php(87): CodeIgniter\CodeIgniter->run()
WARNING - 2023-11-29 05:47:41 --> [DEPRECATED] Creation of dynamic property App\Controllers\Home::$db is deprecated in APPPATH\Controllers\BaseController.php on line 58.
 1 SYSTEMPATH\CodeIgniter.php(915): App\Controllers\BaseController->initController(Object(CodeIgniter\HTTP\IncomingRequest), Object(CodeIgniter\HTTP\Response), Object(CodeIgniter\Log\Logger))
 2 SYSTEMPATH\CodeIgniter.php(493): CodeIgniter\CodeIgniter->createController()
 3 SYSTEMPATH\CodeIgniter.php(361): CodeIgniter\CodeIgniter->handleRequest(null, Object(Config\Cache), false)
 4 FCPATH\index.php(87): CodeIgniter\CodeIgniter->run()
WARNING - 2023-11-29 05:47:41 --> [DEPRECATED] Creation of dynamic property App\Controllers\Parking::$db is deprecated in APPPATH\Controllers\BaseController.php on line 58.
 1 SYSTEMPATH\CodeIgniter.php(915): App\Controllers\BaseController->initController(Object(CodeIgniter\HTTP\IncomingRequest), Object(CodeIgniter\HTTP\Response), Object(CodeIgniter\Log\Logger))
 2 SYSTEMPATH\CodeIgniter.php(493): CodeIgniter\CodeIgniter->createController()
 3 SYSTEMPATH\CodeIgniter.php(361): CodeIgniter\CodeIgniter->handleRequest(null, Object(Config\Cache), false)
 4 FCPATH\index.php(87): CodeIgniter\CodeIgniter->run()
ERROR - 2023-11-29 11:01:57 --> Error connecting to the database: mysqli_sql_exception: Access denied for user ''@'localhost' (using password: NO) in C:\xampp8240\htdocs\app\clients\chandra\api\system\Database\MySQLi\Connection.php:184
Stack trace:
#0 C:\xampp8240\htdocs\app\clients\chandra\api\system\Database\MySQLi\Connection.php(184): mysqli->real_connect('localhost', '', Object(SensitiveParameterValue), '', 3306, '', 0)
#1 C:\xampp8240\htdocs\app\clients\chandra\api\system\Database\BaseConnection.php(392): CodeIgniter\Database\MySQLi\Connection->connect(false)
#2 C:\xampp8240\htdocs\app\clients\chandra\api\system\Database\BaseConnection.php(575): CodeIgniter\Database\BaseConnection->initialize()
#3 C:\xampp8240\htdocs\app\clients\chandra\api\app\Controllers\Home.php(11): CodeIgniter\Database\BaseConnection->query('SELECT *  FROM ...')
#4 C:\xampp8240\htdocs\app\clients\chandra\api\system\CodeIgniter.php(942): App\Controllers\Home->index()
#5 C:\xampp8240\htdocs\app\clients\chandra\api\system\CodeIgniter.php(502): CodeIgniter\CodeIgniter->runController(Object(App\Controllers\Home))
#6 C:\xampp8240\htdocs\app\clients\chandra\api\system\CodeIgniter.php(361): CodeIgniter\CodeIgniter->handleRequest(NULL, Object(Config\Cache), false)
#7 C:\xampp8240\htdocs\app\clients\chandra\api\public\index.php(87): CodeIgniter\CodeIgniter->run()
#8 {main}

Next CodeIgniter\Database\Exceptions\DatabaseException: Access denied for user ''@'localhost' (using password: NO) in C:\xampp8240\htdocs\app\clients\chandra\api\system\Database\MySQLi\Connection.php:229
Stack trace:
#0 C:\xampp8240\htdocs\app\clients\chandra\api\system\Database\BaseConnection.php(392): CodeIgniter\Database\MySQLi\Connection->connect(false)
#1 C:\xampp8240\htdocs\app\clients\chandra\api\system\Database\BaseConnection.php(575): CodeIgniter\Database\BaseConnection->initialize()
#2 C:\xampp8240\htdocs\app\clients\chandra\api\app\Controllers\Home.php(11): CodeIgniter\Database\BaseConnection->query('SELECT *  FROM ...')
#3 C:\xampp8240\htdocs\app\clients\chandra\api\system\CodeIgniter.php(942): App\Controllers\Home->index()
#4 C:\xampp8240\htdocs\app\clients\chandra\api\system\CodeIgniter.php(502): CodeIgniter\CodeIgniter->runController(Object(App\Controllers\Home))
#5 C:\xampp8240\htdocs\app\clients\chandra\api\system\CodeIgniter.php(361): CodeIgniter\CodeIgniter->handleRequest(NULL, Object(Config\Cache), false)
#6 C:\xampp8240\htdocs\app\clients\chandra\api\public\index.php(87): CodeIgniter\CodeIgniter->run()
#7 {main}
CRITICAL - 2023-11-29 11:01:57 --> Unable to connect to the database.
Main connection [MySQLi]: Access denied for user ''@'localhost' (using password: NO)
in SYSTEMPATH\Database\BaseConnection.php on line 428.
 1 SYSTEMPATH\Database\BaseConnection.php(575): CodeIgniter\Database\BaseConnection->initialize()
 2 APPPATH\Controllers\Home.php(11): CodeIgniter\Database\BaseConnection->query('SELECT *  FROM auto_number limit 1')
 3 SYSTEMPATH\CodeIgniter.php(942): App\Controllers\Home->index()
 4 SYSTEMPATH\CodeIgniter.php(502): CodeIgniter\CodeIgniter->runController(Object(App\Controllers\Home))
 5 SYSTEMPATH\CodeIgniter.php(361): CodeIgniter\CodeIgniter->handleRequest(null, Object(Config\Cache), false)
 6 FCPATH\index.php(87): CodeIgniter\CodeIgniter->run()
ERROR - 2023-11-29 11:03:09 --> Error connecting to the database: mysqli_sql_exception: Access denied for user ''@'localhost' (using password: NO) in C:\xampp8240\htdocs\app\clients\chandra\api\system\Database\MySQLi\Connection.php:184
Stack trace:
#0 C:\xampp8240\htdocs\app\clients\chandra\api\system\Database\MySQLi\Connection.php(184): mysqli->real_connect('localhost', '', Object(SensitiveParameterValue), '', 3306, '', 0)
#1 C:\xampp8240\htdocs\app\clients\chandra\api\system\Database\BaseConnection.php(392): CodeIgniter\Database\MySQLi\Connection->connect(false)
#2 C:\xampp8240\htdocs\app\clients\chandra\api\system\Database\BaseConnection.php(575): CodeIgniter\Database\BaseConnection->initialize()
#3 C:\xampp8240\htdocs\app\clients\chandra\api\app\Controllers\Home.php(11): CodeIgniter\Database\BaseConnection->query('SELECT *  FROM ...')
#4 C:\xampp8240\htdocs\app\clients\chandra\api\system\CodeIgniter.php(942): App\Controllers\Home->index()
#5 C:\xampp8240\htdocs\app\clients\chandra\api\system\CodeIgniter.php(502): CodeIgniter\CodeIgniter->runController(Object(App\Controllers\Home))
#6 C:\xampp8240\htdocs\app\clients\chandra\api\system\CodeIgniter.php(361): CodeIgniter\CodeIgniter->handleRequest(NULL, Object(Config\Cache), false)
#7 C:\xampp8240\htdocs\app\clients\chandra\api\public\index.php(87): CodeIgniter\CodeIgniter->run()
#8 {main}

Next CodeIgniter\Database\Exceptions\DatabaseException: Access denied for user ''@'localhost' (using password: NO) in C:\xampp8240\htdocs\app\clients\chandra\api\system\Database\MySQLi\Connection.php:229
Stack trace:
#0 C:\xampp8240\htdocs\app\clients\chandra\api\system\Database\BaseConnection.php(392): CodeIgniter\Database\MySQLi\Connection->connect(false)
#1 C:\xampp8240\htdocs\app\clients\chandra\api\system\Database\BaseConnection.php(575): CodeIgniter\Database\BaseConnection->initialize()
#2 C:\xampp8240\htdocs\app\clients\chandra\api\app\Controllers\Home.php(11): CodeIgniter\Database\BaseConnection->query('SELECT *  FROM ...')
#3 C:\xampp8240\htdocs\app\clients\chandra\api\system\CodeIgniter.php(942): App\Controllers\Home->index()
#4 C:\xampp8240\htdocs\app\clients\chandra\api\system\CodeIgniter.php(502): CodeIgniter\CodeIgniter->runController(Object(App\Controllers\Home))
#5 C:\xampp8240\htdocs\app\clients\chandra\api\system\CodeIgniter.php(361): CodeIgniter\CodeIgniter->handleRequest(NULL, Object(Config\Cache), false)
#6 C:\xampp8240\htdocs\app\clients\chandra\api\public\index.php(87): CodeIgniter\CodeIgniter->run()
#7 {main}
CRITICAL - 2023-11-29 11:03:09 --> Unable to connect to the database.
Main connection [MySQLi]: Access denied for user ''@'localhost' (using password: NO)
in SYSTEMPATH\Database\BaseConnection.php on line 428.
 1 SYSTEMPATH\Database\BaseConnection.php(575): CodeIgniter\Database\BaseConnection->initialize()
 2 APPPATH\Controllers\Home.php(11): CodeIgniter\Database\BaseConnection->query('SELECT *  FROM auto_number limit 1')
 3 SYSTEMPATH\CodeIgniter.php(942): App\Controllers\Home->index()
 4 SYSTEMPATH\CodeIgniter.php(502): CodeIgniter\CodeIgniter->runController(Object(App\Controllers\Home))
 5 SYSTEMPATH\CodeIgniter.php(361): CodeIgniter\CodeIgniter->handleRequest(null, Object(Config\Cache), false)
 6 FCPATH\index.php(87): CodeIgniter\CodeIgniter->run()
ERROR - 2023-11-29 11:10:59 --> Error connecting to the database: mysqli_sql_exception: Access denied for user ''@'localhost' (using password: NO) in C:\xampp8240\htdocs\app\clients\chandra\api\system\Database\MySQLi\Connection.php:184
Stack trace:
#0 C:\xampp8240\htdocs\app\clients\chandra\api\system\Database\MySQLi\Connection.php(184): mysqli->real_connect('localhost', '', Object(SensitiveParameterValue), '', 3306, '', 0)
#1 C:\xampp8240\htdocs\app\clients\chandra\api\system\Database\BaseConnection.php(392): CodeIgniter\Database\MySQLi\Connection->connect(false)
#2 C:\xampp8240\htdocs\app\clients\chandra\api\system\Database\BaseConnection.php(575): CodeIgniter\Database\BaseConnection->initialize()
#3 C:\xampp8240\htdocs\app\clients\chandra\api\app\Controllers\Home.php(11): CodeIgniter\Database\BaseConnection->query('SELECT *  FROM ...')
#4 C:\xampp8240\htdocs\app\clients\chandra\api\system\CodeIgniter.php(942): App\Controllers\Home->index()
#5 C:\xampp8240\htdocs\app\clients\chandra\api\system\CodeIgniter.php(502): CodeIgniter\CodeIgniter->runController(Object(App\Controllers\Home))
#6 C:\xampp8240\htdocs\app\clients\chandra\api\system\CodeIgniter.php(361): CodeIgniter\CodeIgniter->handleRequest(NULL, Object(Config\Cache), false)
#7 C:\xampp8240\htdocs\app\clients\chandra\api\public\index.php(87): CodeIgniter\CodeIgniter->run()
#8 {main}

Next CodeIgniter\Database\Exceptions\DatabaseException: Access denied for user ''@'localhost' (using password: NO) in C:\xampp8240\htdocs\app\clients\chandra\api\system\Database\MySQLi\Connection.php:229
Stack trace:
#0 C:\xampp8240\htdocs\app\clients\chandra\api\system\Database\BaseConnection.php(392): CodeIgniter\Database\MySQLi\Connection->connect(false)
#1 C:\xampp8240\htdocs\app\clients\chandra\api\system\Database\BaseConnection.php(575): CodeIgniter\Database\BaseConnection->initialize()
#2 C:\xampp8240\htdocs\app\clients\chandra\api\app\Controllers\Home.php(11): CodeIgniter\Database\BaseConnection->query('SELECT *  FROM ...')
#3 C:\xampp8240\htdocs\app\clients\chandra\api\system\CodeIgniter.php(942): App\Controllers\Home->index()
#4 C:\xampp8240\htdocs\app\clients\chandra\api\system\CodeIgniter.php(502): CodeIgniter\CodeIgniter->runController(Object(App\Controllers\Home))
#5 C:\xampp8240\htdocs\app\clients\chandra\api\system\CodeIgniter.php(361): CodeIgniter\CodeIgniter->handleRequest(NULL, Object(Config\Cache), false)
#6 C:\xampp8240\htdocs\app\clients\chandra\api\public\index.php(87): CodeIgniter\CodeIgniter->run()
#7 {main}
CRITICAL - 2023-11-29 11:10:59 --> Unable to connect to the database.
Main connection [MySQLi]: Access denied for user ''@'localhost' (using password: NO)
in SYSTEMPATH\Database\BaseConnection.php on line 428.
 1 SYSTEMPATH\Database\BaseConnection.php(575): CodeIgniter\Database\BaseConnection->initialize()
 2 APPPATH\Controllers\Home.php(11): CodeIgniter\Database\BaseConnection->query('SELECT *  FROM auto_number limit 1')
 3 SYSTEMPATH\CodeIgniter.php(942): App\Controllers\Home->index()
 4 SYSTEMPATH\CodeIgniter.php(502): CodeIgniter\CodeIgniter->runController(Object(App\Controllers\Home))
 5 SYSTEMPATH\CodeIgniter.php(361): CodeIgniter\CodeIgniter->handleRequest(null, Object(Config\Cache), false)
 6 FCPATH\index.php(87): CodeIgniter\CodeIgniter->run()
ERROR - 2023-11-29 17:27:24 --> mysqli_sql_exception: LOAD DATA LOCAL INFILE is forbidden, check related settings like mysqli.allow_local_infile|mysqli.local_infile_directory or PDO::MYSQL_ATTR_LOCAL_INFILE|PDO::MYSQL_ATTR_LOCAL_INFILE_DIRECTORY in C:\xampp8240\htdocs\app\clients\chandra\api\system\Database\MySQLi\Connection.php:306
Stack trace:
#0 C:\xampp8240\htdocs\app\clients\chandra\api\system\Database\MySQLi\Connection.php(306): mysqli->query(' LOAD DATA LOCA...', 0)
#1 C:\xampp8240\htdocs\app\clients\chandra\api\system\Database\BaseConnection.php(693): CodeIgniter\Database\MySQLi\Connection->execute(' LOAD DATA LOCA...')
#2 C:\xampp8240\htdocs\app\clients\chandra\api\app\Controllers\BulkInsert.php(39): CodeIgniter\Database\BaseConnection->simpleQuery(' LOAD DATA LOCA...')
#3 C:\xampp8240\htdocs\app\clients\chandra\api\system\CodeIgniter.php(942): App\Controllers\BulkInsert->item()
#4 C:\xampp8240\htdocs\app\clients\chandra\api\system\CodeIgniter.php(502): CodeIgniter\CodeIgniter->runController(Object(App\Controllers\BulkInsert))
#5 C:\xampp8240\htdocs\app\clients\chandra\api\system\CodeIgniter.php(361): CodeIgniter\CodeIgniter->handleRequest(NULL, Object(Config\Cache), false)
#6 C:\xampp8240\htdocs\app\clients\chandra\api\public\index.php(87): CodeIgniter\CodeIgniter->run()
#7 {main}
CRITICAL - 2023-11-29 17:27:24 --> LOAD DATA LOCAL INFILE is forbidden, check related settings like mysqli.allow_local_infile|mysqli.local_infile_directory or PDO::MYSQL_ATTR_LOCAL_INFILE|PDO::MYSQL_ATTR_LOCAL_INFILE_DIRECTORY
in SYSTEMPATH\Database\MySQLi\Connection.php on line 311.
 1 SYSTEMPATH\Database\BaseConnection.php(693): CodeIgniter\Database\MySQLi\Connection->execute(' LOAD DATA LOCAL INFILE  
        \'C:/xampp/htdocs/app/chandra/sync/item.txt\'
        INTO TABLE cso1_item
        FIELDS TERMINATED BY \'|\'  
        LINES TERMINATED BY \'
\' 
        (`id`,`description`,`shortDesc`,`price1`,`price2`,`price3`,`price4`,`price5`,`price6`,`price7`,`price8`,`price9`,`price10`,
        `itemUomId`,`itemCategoryId`,`itemTaxId`,`images`)')
 2 APPPATH\Controllers\BulkInsert.php(39): CodeIgniter\Database\BaseConnection->simpleQuery(' LOAD DATA LOCAL INFILE  
        \'C:/xampp/htdocs/app/chandra/sync/item.txt\'
        INTO TABLE cso1_item
        FIELDS TERMINATED BY \'|\'  
        LINES TERMINATED BY \'
\' 
        (`id`,`description`,`shortDesc`,`price1`,`price2`,`price3`,`price4`,`price5`,`price6`,`price7`,`price8`,`price9`,`price10`,
        `itemUomId`,`itemCategoryId`,`itemTaxId`,`images`)')
 3 SYSTEMPATH\CodeIgniter.php(942): App\Controllers\BulkInsert->item()
 4 SYSTEMPATH\CodeIgniter.php(502): CodeIgniter\CodeIgniter->runController(Object(App\Controllers\BulkInsert))
 5 SYSTEMPATH\CodeIgniter.php(361): CodeIgniter\CodeIgniter->handleRequest(null, Object(Config\Cache), false)
 6 FCPATH\index.php(87): CodeIgniter\CodeIgniter->run()
ERROR - 2023-11-29 17:27:29 --> mysqli_sql_exception: LOAD DATA LOCAL INFILE is forbidden, check related settings like mysqli.allow_local_infile|mysqli.local_infile_directory or PDO::MYSQL_ATTR_LOCAL_INFILE|PDO::MYSQL_ATTR_LOCAL_INFILE_DIRECTORY in C:\xampp8240\htdocs\app\clients\chandra\api\system\Database\MySQLi\Connection.php:306
Stack trace:
#0 C:\xampp8240\htdocs\app\clients\chandra\api\system\Database\MySQLi\Connection.php(306): mysqli->query(' LOAD DATA LOCA...', 0)
#1 C:\xampp8240\htdocs\app\clients\chandra\api\system\Database\BaseConnection.php(693): CodeIgniter\Database\MySQLi\Connection->execute(' LOAD DATA LOCA...')
#2 C:\xampp8240\htdocs\app\clients\chandra\api\app\Controllers\BulkInsert.php(39): CodeIgniter\Database\BaseConnection->simpleQuery(' LOAD DATA LOCA...')
#3 C:\xampp8240\htdocs\app\clients\chandra\api\system\CodeIgniter.php(942): App\Controllers\BulkInsert->item()
#4 C:\xampp8240\htdocs\app\clients\chandra\api\system\CodeIgniter.php(502): CodeIgniter\CodeIgniter->runController(Object(App\Controllers\BulkInsert))
#5 C:\xampp8240\htdocs\app\clients\chandra\api\system\CodeIgniter.php(361): CodeIgniter\CodeIgniter->handleRequest(NULL, Object(Config\Cache), false)
#6 C:\xampp8240\htdocs\app\clients\chandra\api\public\index.php(87): CodeIgniter\CodeIgniter->run()
#7 {main}
CRITICAL - 2023-11-29 17:27:29 --> LOAD DATA LOCAL INFILE is forbidden, check related settings like mysqli.allow_local_infile|mysqli.local_infile_directory or PDO::MYSQL_ATTR_LOCAL_INFILE|PDO::MYSQL_ATTR_LOCAL_INFILE_DIRECTORY
in SYSTEMPATH\Database\MySQLi\Connection.php on line 311.
 1 SYSTEMPATH\Database\BaseConnection.php(693): CodeIgniter\Database\MySQLi\Connection->execute(' LOAD DATA LOCAL INFILE  
        \'C:/xampp/htdocs/app/chandra/sync/item.txt\'
        INTO TABLE cso1_item
        FIELDS TERMINATED BY \'|\'  
        LINES TERMINATED BY \'
\' 
        (`id`,`description`,`shortDesc`,`price1`,`price2`,`price3`,`price4`,`price5`,`price6`,`price7`,`price8`,`price9`,`price10`,
        `itemUomId`,`itemCategoryId`,`itemTaxId`,`images`)')
 2 APPPATH\Controllers\BulkInsert.php(39): CodeIgniter\Database\BaseConnection->simpleQuery(' LOAD DATA LOCAL INFILE  
        \'C:/xampp/htdocs/app/chandra/sync/item.txt\'
        INTO TABLE cso1_item
        FIELDS TERMINATED BY \'|\'  
        LINES TERMINATED BY \'
\' 
        (`id`,`description`,`shortDesc`,`price1`,`price2`,`price3`,`price4`,`price5`,`price6`,`price7`,`price8`,`price9`,`price10`,
        `itemUomId`,`itemCategoryId`,`itemTaxId`,`images`)')
 3 SYSTEMPATH\CodeIgniter.php(942): App\Controllers\BulkInsert->item()
 4 SYSTEMPATH\CodeIgniter.php(502): CodeIgniter\CodeIgniter->runController(Object(App\Controllers\BulkInsert))
 5 SYSTEMPATH\CodeIgniter.php(361): CodeIgniter\CodeIgniter->handleRequest(null, Object(Config\Cache), false)
 6 FCPATH\index.php(87): CodeIgniter\CodeIgniter->run()
ERROR - 2023-11-29 17:27:46 --> mysqli_sql_exception: LOAD DATA LOCAL INFILE is forbidden, check related settings like mysqli.allow_local_infile|mysqli.local_infile_directory or PDO::MYSQL_ATTR_LOCAL_INFILE|PDO::MYSQL_ATTR_LOCAL_INFILE_DIRECTORY in C:\xampp8240\htdocs\app\clients\chandra\api\system\Database\MySQLi\Connection.php:306
Stack trace:
#0 C:\xampp8240\htdocs\app\clients\chandra\api\system\Database\MySQLi\Connection.php(306): mysqli->query(' LOAD DATA LOCA...', 0)
#1 C:\xampp8240\htdocs\app\clients\chandra\api\system\Database\BaseConnection.php(693): CodeIgniter\Database\MySQLi\Connection->execute(' LOAD DATA LOCA...')
#2 C:\xampp8240\htdocs\app\clients\chandra\api\app\Controllers\BulkInsert.php(39): CodeIgniter\Database\BaseConnection->simpleQuery(' LOAD DATA LOCA...')
#3 C:\xampp8240\htdocs\app\clients\chandra\api\app\Controllers\BulkInsert.php(12): App\Controllers\BulkInsert->item()
#4 C:\xampp8240\htdocs\app\clients\chandra\api\system\CodeIgniter.php(942): App\Controllers\BulkInsert->index()
#5 C:\xampp8240\htdocs\app\clients\chandra\api\system\CodeIgniter.php(502): CodeIgniter\CodeIgniter->runController(Object(App\Controllers\BulkInsert))
#6 C:\xampp8240\htdocs\app\clients\chandra\api\system\CodeIgniter.php(361): CodeIgniter\CodeIgniter->handleRequest(NULL, Object(Config\Cache), false)
#7 C:\xampp8240\htdocs\app\clients\chandra\api\public\index.php(87): CodeIgniter\CodeIgniter->run()
#8 {main}
CRITICAL - 2023-11-29 17:27:46 --> LOAD DATA LOCAL INFILE is forbidden, check related settings like mysqli.allow_local_infile|mysqli.local_infile_directory or PDO::MYSQL_ATTR_LOCAL_INFILE|PDO::MYSQL_ATTR_LOCAL_INFILE_DIRECTORY
in SYSTEMPATH\Database\MySQLi\Connection.php on line 311.
 1 SYSTEMPATH\Database\BaseConnection.php(693): CodeIgniter\Database\MySQLi\Connection->execute(' LOAD DATA LOCAL INFILE  
        \'C:/xampp/htdocs/app/chandra/sync/item.txt\'
        INTO TABLE cso1_item
        FIELDS TERMINATED BY \'|\'  
        LINES TERMINATED BY \'
\' 
        (`id`,`description`,`shortDesc`,`price1`,`price2`,`price3`,`price4`,`price5`,`price6`,`price7`,`price8`,`price9`,`price10`,
        `itemUomId`,`itemCategoryId`,`itemTaxId`,`images`)')
 2 APPPATH\Controllers\BulkInsert.php(39): CodeIgniter\Database\BaseConnection->simpleQuery(' LOAD DATA LOCAL INFILE  
        \'C:/xampp/htdocs/app/chandra/sync/item.txt\'
        INTO TABLE cso1_item
        FIELDS TERMINATED BY \'|\'  
        LINES TERMINATED BY \'
\' 
        (`id`,`description`,`shortDesc`,`price1`,`price2`,`price3`,`price4`,`price5`,`price6`,`price7`,`price8`,`price9`,`price10`,
        `itemUomId`,`itemCategoryId`,`itemTaxId`,`images`)')
 3 APPPATH\Controllers\BulkInsert.php(12): App\Controllers\BulkInsert->item()
 4 SYSTEMPATH\CodeIgniter.php(942): App\Controllers\BulkInsert->index()
 5 SYSTEMPATH\CodeIgniter.php(502): CodeIgniter\CodeIgniter->runController(Object(App\Controllers\BulkInsert))
 6 SYSTEMPATH\CodeIgniter.php(361): CodeIgniter\CodeIgniter->handleRequest(null, Object(Config\Cache), false)
 7 FCPATH\index.php(87): CodeIgniter\CodeIgniter->run()
WARNING - 2023-11-29 17:28:30 --> [DEPRECATED] Creation of dynamic property App\Controllers\BulkInsert::$db is deprecated in APPPATH\Controllers\BaseController.php on line 58.
 1 SYSTEMPATH\CodeIgniter.php(915): App\Controllers\BaseController->initController(Object(CodeIgniter\HTTP\IncomingRequest), Object(CodeIgniter\HTTP\Response), Object(CodeIgniter\Log\Logger))
 2 SYSTEMPATH\CodeIgniter.php(493): CodeIgniter\CodeIgniter->createController()
 3 SYSTEMPATH\CodeIgniter.php(361): CodeIgniter\CodeIgniter->handleRequest(null, Object(Config\Cache), false)
 4 FCPATH\index.php(87): CodeIgniter\CodeIgniter->run()
ERROR - 2023-11-29 17:28:30 --> mysqli_sql_exception: LOAD DATA LOCAL INFILE is forbidden, check related settings like mysqli.allow_local_infile|mysqli.local_infile_directory or PDO::MYSQL_ATTR_LOCAL_INFILE|PDO::MYSQL_ATTR_LOCAL_INFILE_DIRECTORY in C:\xampp8240\htdocs\app\clients\chandra\api\system\Database\MySQLi\Connection.php:306
Stack trace:
#0 C:\xampp8240\htdocs\app\clients\chandra\api\system\Database\MySQLi\Connection.php(306): mysqli->query(' LOAD DATA LOCA...', 0)
#1 C:\xampp8240\htdocs\app\clients\chandra\api\system\Database\BaseConnection.php(693): CodeIgniter\Database\MySQLi\Connection->execute(' LOAD DATA LOCA...')
#2 C:\xampp8240\htdocs\app\clients\chandra\api\app\Controllers\BulkInsert.php(42): CodeIgniter\Database\BaseConnection->simpleQuery(' LOAD DATA LOCA...')
#3 C:\xampp8240\htdocs\app\clients\chandra\api\app\Controllers\BulkInsert.php(12): App\Controllers\BulkInsert->item()
#4 C:\xampp8240\htdocs\app\clients\chandra\api\system\CodeIgniter.php(942): App\Controllers\BulkInsert->index()
#5 C:\xampp8240\htdocs\app\clients\chandra\api\system\CodeIgniter.php(502): CodeIgniter\CodeIgniter->runController(Object(App\Controllers\BulkInsert))
#6 C:\xampp8240\htdocs\app\clients\chandra\api\system\CodeIgniter.php(361): CodeIgniter\CodeIgniter->handleRequest(NULL, Object(Config\Cache), false)
#7 C:\xampp8240\htdocs\app\clients\chandra\api\public\index.php(87): CodeIgniter\CodeIgniter->run()
#8 {main}
CRITICAL - 2023-11-29 17:28:30 --> LOAD DATA LOCAL INFILE is forbidden, check related settings like mysqli.allow_local_infile|mysqli.local_infile_directory or PDO::MYSQL_ATTR_LOCAL_INFILE|PDO::MYSQL_ATTR_LOCAL_INFILE_DIRECTORY
in SYSTEMPATH\Database\MySQLi\Connection.php on line 311.
 1 SYSTEMPATH\Database\BaseConnection.php(693): CodeIgniter\Database\MySQLi\Connection->execute(' LOAD DATA LOCAL INFILE  
        \'C:/xampp/htdocs/app/chandra/sync/item.txt\'
        INTO TABLE cso1_item
        FIELDS TERMINATED BY \'|\'  
        LINES TERMINATED BY \'
\' 
        (`id`,`description`,`shortDesc`,`price1`,`price2`,`price3`,`price4`,`price5`,`price6`,`price7`,`price8`,`price9`,`price10`,
        `itemUomId`,`itemCategoryId`,`itemTaxId`,`images`)')
 2 APPPATH\Controllers\BulkInsert.php(42): CodeIgniter\Database\BaseConnection->simpleQuery(' LOAD DATA LOCAL INFILE  
        \'C:/xampp/htdocs/app/chandra/sync/item.txt\'
        INTO TABLE cso1_item
        FIELDS TERMINATED BY \'|\'  
        LINES TERMINATED BY \'
\' 
        (`id`,`description`,`shortDesc`,`price1`,`price2`,`price3`,`price4`,`price5`,`price6`,`price7`,`price8`,`price9`,`price10`,
        `itemUomId`,`itemCategoryId`,`itemTaxId`,`images`)')
 3 APPPATH\Controllers\BulkInsert.php(12): App\Controllers\BulkInsert->item()
 4 SYSTEMPATH\CodeIgniter.php(942): App\Controllers\BulkInsert->index()
 5 SYSTEMPATH\CodeIgniter.php(502): CodeIgniter\CodeIgniter->runController(Object(App\Controllers\BulkInsert))
 6 SYSTEMPATH\CodeIgniter.php(361): CodeIgniter\CodeIgniter->handleRequest(null, Object(Config\Cache), false)
 7 FCPATH\index.php(87): CodeIgniter\CodeIgniter->run()
WARNING - 2023-11-29 17:32:25 --> [DEPRECATED] Creation of dynamic property App\Controllers\BulkInsert::$db is deprecated in APPPATH\Controllers\BaseController.php on line 58.
 1 SYSTEMPATH\CodeIgniter.php(915): App\Controllers\BaseController->initController(Object(CodeIgniter\HTTP\IncomingRequest), Object(CodeIgniter\HTTP\Response), Object(CodeIgniter\Log\Logger))
 2 SYSTEMPATH\CodeIgniter.php(493): CodeIgniter\CodeIgniter->createController()
 3 SYSTEMPATH\CodeIgniter.php(361): CodeIgniter\CodeIgniter->handleRequest(null, Object(Config\Cache), false)
 4 FCPATH\index.php(87): CodeIgniter\CodeIgniter->run()
ERROR - 2023-11-29 17:32:25 --> mysqli_sql_exception: Can't find file 'C:/xampp/htdocs/app/chandra/sync/item.txt'. in C:\xampp8240\htdocs\app\clients\chandra\api\system\Database\MySQLi\Connection.php:306
Stack trace:
#0 C:\xampp8240\htdocs\app\clients\chandra\api\system\Database\MySQLi\Connection.php(306): mysqli->query(' LOAD DATA LOCA...', 0)
#1 C:\xampp8240\htdocs\app\clients\chandra\api\system\Database\BaseConnection.php(693): CodeIgniter\Database\MySQLi\Connection->execute(' LOAD DATA LOCA...')
#2 C:\xampp8240\htdocs\app\clients\chandra\api\app\Controllers\BulkInsert.php(42): CodeIgniter\Database\BaseConnection->simpleQuery(' LOAD DATA LOCA...')
#3 C:\xampp8240\htdocs\app\clients\chandra\api\system\CodeIgniter.php(942): App\Controllers\BulkInsert->item()
#4 C:\xampp8240\htdocs\app\clients\chandra\api\system\CodeIgniter.php(502): CodeIgniter\CodeIgniter->runController(Object(App\Controllers\BulkInsert))
#5 C:\xampp8240\htdocs\app\clients\chandra\api\system\CodeIgniter.php(361): CodeIgniter\CodeIgniter->handleRequest(NULL, Object(Config\Cache), false)
#6 C:\xampp8240\htdocs\app\clients\chandra\api\public\index.php(87): CodeIgniter\CodeIgniter->run()
#7 {main}
CRITICAL - 2023-11-29 17:32:25 --> Can't find file 'C:/xampp/htdocs/app/chandra/sync/item.txt'.
in SYSTEMPATH\Database\MySQLi\Connection.php on line 311.
 1 SYSTEMPATH\Database\BaseConnection.php(693): CodeIgniter\Database\MySQLi\Connection->execute(' LOAD DATA LOCAL INFILE  
        \'C:/xampp/htdocs/app/chandra/sync/item.txt\'
        INTO TABLE cso1_item
        FIELDS TERMINATED BY \'|\'  
        LINES TERMINATED BY \'
\' 
        (`id`,`description`,`shortDesc`,`price1`,`price2`,`price3`,`price4`,`price5`,`price6`,`price7`,`price8`,`price9`,`price10`,
        `itemUomId`,`itemCategoryId`,`itemTaxId`,`images`)')
 2 APPPATH\Controllers\BulkInsert.php(42): CodeIgniter\Database\BaseConnection->simpleQuery(' LOAD DATA LOCAL INFILE  
        \'C:/xampp/htdocs/app/chandra/sync/item.txt\'
        INTO TABLE cso1_item
        FIELDS TERMINATED BY \'|\'  
        LINES TERMINATED BY \'
\' 
        (`id`,`description`,`shortDesc`,`price1`,`price2`,`price3`,`price4`,`price5`,`price6`,`price7`,`price8`,`price9`,`price10`,
        `itemUomId`,`itemCategoryId`,`itemTaxId`,`images`)')
 3 SYSTEMPATH\CodeIgniter.php(942): App\Controllers\BulkInsert->item()
 4 SYSTEMPATH\CodeIgniter.php(502): CodeIgniter\CodeIgniter->runController(Object(App\Controllers\BulkInsert))
 5 SYSTEMPATH\CodeIgniter.php(361): CodeIgniter\CodeIgniter->handleRequest(null, Object(Config\Cache), false)
 6 FCPATH\index.php(87): CodeIgniter\CodeIgniter->run()
WARNING - 2023-11-29 17:33:46 --> [DEPRECATED] Creation of dynamic property App\Controllers\BulkInsert::$db is deprecated in APPPATH\Controllers\BaseController.php on line 58.
 1 SYSTEMPATH\CodeIgniter.php(915): App\Controllers\BaseController->initController(Object(CodeIgniter\HTTP\IncomingRequest), Object(CodeIgniter\HTTP\Response), Object(CodeIgniter\Log\Logger))
 2 SYSTEMPATH\CodeIgniter.php(493): CodeIgniter\CodeIgniter->createController()
 3 SYSTEMPATH\CodeIgniter.php(361): CodeIgniter\CodeIgniter->handleRequest(null, Object(Config\Cache), false)
 4 FCPATH\index.php(87): CodeIgniter\CodeIgniter->run()
ERROR - 2023-11-29 17:33:47 --> mysqli_sql_exception: Can't find file 'C:/xampp8240/htdocs/app/chandra/sync/item.txt'. in C:\xampp8240\htdocs\app\clients\chandra\api\system\Database\MySQLi\Connection.php:306
Stack trace:
#0 C:\xampp8240\htdocs\app\clients\chandra\api\system\Database\MySQLi\Connection.php(306): mysqli->query(' LOAD DATA LOCA...', 0)
#1 C:\xampp8240\htdocs\app\clients\chandra\api\system\Database\BaseConnection.php(693): CodeIgniter\Database\MySQLi\Connection->execute(' LOAD DATA LOCA...')
#2 C:\xampp8240\htdocs\app\clients\chandra\api\app\Controllers\BulkInsert.php(42): CodeIgniter\Database\BaseConnection->simpleQuery(' LOAD DATA LOCA...')
#3 C:\xampp8240\htdocs\app\clients\chandra\api\system\CodeIgniter.php(942): App\Controllers\BulkInsert->item()
#4 C:\xampp8240\htdocs\app\clients\chandra\api\system\CodeIgniter.php(502): CodeIgniter\CodeIgniter->runController(Object(App\Controllers\BulkInsert))
#5 C:\xampp8240\htdocs\app\clients\chandra\api\system\CodeIgniter.php(361): CodeIgniter\CodeIgniter->handleRequest(NULL, Object(Config\Cache), false)
#6 C:\xampp8240\htdocs\app\clients\chandra\api\public\index.php(87): CodeIgniter\CodeIgniter->run()
#7 {main}
CRITICAL - 2023-11-29 17:33:47 --> Can't find file 'C:/xampp8240/htdocs/app/chandra/sync/item.txt'.
in SYSTEMPATH\Database\MySQLi\Connection.php on line 311.
 1 SYSTEMPATH\Database\BaseConnection.php(693): CodeIgniter\Database\MySQLi\Connection->execute(' LOAD DATA LOCAL INFILE  
        \'C:/xampp8240/htdocs/app/chandra/sync/item.txt\'
        INTO TABLE cso1_item
        FIELDS TERMINATED BY \'|\'  
        LINES TERMINATED BY \'
\' 
        (`id`,`description`,`shortDesc`,`price1`,`price2`,`price3`,`price4`,`price5`,`price6`,`price7`,`price8`,`price9`,`price10`,
        `itemUomId`,`itemCategoryId`,`itemTaxId`,`images`)')
 2 APPPATH\Controllers\BulkInsert.php(42): CodeIgniter\Database\BaseConnection->simpleQuery(' LOAD DATA LOCAL INFILE  
        \'C:/xampp8240/htdocs/app/chandra/sync/item.txt\'
        INTO TABLE cso1_item
        FIELDS TERMINATED BY \'|\'  
        LINES TERMINATED BY \'
\' 
        (`id`,`description`,`shortDesc`,`price1`,`price2`,`price3`,`price4`,`price5`,`price6`,`price7`,`price8`,`price9`,`price10`,
        `itemUomId`,`itemCategoryId`,`itemTaxId`,`images`)')
 3 SYSTEMPATH\CodeIgniter.php(942): App\Controllers\BulkInsert->item()
 4 SYSTEMPATH\CodeIgniter.php(502): CodeIgniter\CodeIgniter->runController(Object(App\Controllers\BulkInsert))
 5 SYSTEMPATH\CodeIgniter.php(361): CodeIgniter\CodeIgniter->handleRequest(null, Object(Config\Cache), false)
 6 FCPATH\index.php(87): CodeIgniter\CodeIgniter->run()
WARNING - 2023-11-29 17:34:07 --> [DEPRECATED] Creation of dynamic property App\Controllers\BulkInsert::$db is deprecated in APPPATH\Controllers\BaseController.php on line 58.
 1 SYSTEMPATH\CodeIgniter.php(915): App\Controllers\BaseController->initController(Object(CodeIgniter\HTTP\IncomingRequest), Object(CodeIgniter\HTTP\Response), Object(CodeIgniter\Log\Logger))
 2 SYSTEMPATH\CodeIgniter.php(493): CodeIgniter\CodeIgniter->createController()
 3 SYSTEMPATH\CodeIgniter.php(361): CodeIgniter\CodeIgniter->handleRequest(null, Object(Config\Cache), false)
 4 FCPATH\index.php(87): CodeIgniter\CodeIgniter->run()
ERROR - 2023-11-29 17:34:07 --> mysqli_sql_exception: Can't find file 'C:xampp8240htdocsappclientschandrasyncitem.txt'. in C:\xampp8240\htdocs\app\clients\chandra\api\system\Database\MySQLi\Connection.php:306
Stack trace:
#0 C:\xampp8240\htdocs\app\clients\chandra\api\system\Database\MySQLi\Connection.php(306): mysqli->query(' LOAD DATA LOCA...', 0)
#1 C:\xampp8240\htdocs\app\clients\chandra\api\system\Database\BaseConnection.php(693): CodeIgniter\Database\MySQLi\Connection->execute(' LOAD DATA LOCA...')
#2 C:\xampp8240\htdocs\app\clients\chandra\api\app\Controllers\BulkInsert.php(42): CodeIgniter\Database\BaseConnection->simpleQuery(' LOAD DATA LOCA...')
#3 C:\xampp8240\htdocs\app\clients\chandra\api\system\CodeIgniter.php(942): App\Controllers\BulkInsert->item()
#4 C:\xampp8240\htdocs\app\clients\chandra\api\system\CodeIgniter.php(502): CodeIgniter\CodeIgniter->runController(Object(App\Controllers\BulkInsert))
#5 C:\xampp8240\htdocs\app\clients\chandra\api\system\CodeIgniter.php(361): CodeIgniter\CodeIgniter->handleRequest(NULL, Object(Config\Cache), false)
#6 C:\xampp8240\htdocs\app\clients\chandra\api\public\index.php(87): CodeIgniter\CodeIgniter->run()
#7 {main}
CRITICAL - 2023-11-29 17:34:07 --> Can't find file 'C:xampp8240htdocsappclientschandrasyncitem.txt'.
in SYSTEMPATH\Database\MySQLi\Connection.php on line 311.
 1 SYSTEMPATH\Database\BaseConnection.php(693): CodeIgniter\Database\MySQLi\Connection->execute(' LOAD DATA LOCAL INFILE  
        \'C:\\xampp8240\\htdocs\\app\\clients\\chandra\\syncitem.txt\'
        INTO TABLE cso1_item
        FIELDS TERMINATED BY \'|\'  
        LINES TERMINATED BY \'
\' 
        (`id`,`description`,`shortDesc`,`price1`,`price2`,`price3`,`price4`,`price5`,`price6`,`price7`,`price8`,`price9`,`price10`,
        `itemUomId`,`itemCategoryId`,`itemTaxId`,`images`)')
 2 APPPATH\Controllers\BulkInsert.php(42): CodeIgniter\Database\BaseConnection->simpleQuery(' LOAD DATA LOCAL INFILE  
        \'C:\\xampp8240\\htdocs\\app\\clients\\chandra\\syncitem.txt\'
        INTO TABLE cso1_item
        FIELDS TERMINATED BY \'|\'  
        LINES TERMINATED BY \'
\' 
        (`id`,`description`,`shortDesc`,`price1`,`price2`,`price3`,`price4`,`price5`,`price6`,`price7`,`price8`,`price9`,`price10`,
        `itemUomId`,`itemCategoryId`,`itemTaxId`,`images`)')
 3 SYSTEMPATH\CodeIgniter.php(942): App\Controllers\BulkInsert->item()
 4 SYSTEMPATH\CodeIgniter.php(502): CodeIgniter\CodeIgniter->runController(Object(App\Controllers\BulkInsert))
 5 SYSTEMPATH\CodeIgniter.php(361): CodeIgniter\CodeIgniter->handleRequest(null, Object(Config\Cache), false)
 6 FCPATH\index.php(87): CodeIgniter\CodeIgniter->run()
WARNING - 2023-11-29 17:34:30 --> [DEPRECATED] Creation of dynamic property App\Controllers\BulkInsert::$db is deprecated in APPPATH\Controllers\BaseController.php on line 58.
 1 SYSTEMPATH\CodeIgniter.php(915): App\Controllers\BaseController->initController(Object(CodeIgniter\HTTP\IncomingRequest), Object(CodeIgniter\HTTP\Response), Object(CodeIgniter\Log\Logger))
 2 SYSTEMPATH\CodeIgniter.php(493): CodeIgniter\CodeIgniter->createController()
 3 SYSTEMPATH\CodeIgniter.php(361): CodeIgniter\CodeIgniter->handleRequest(null, Object(Config\Cache), false)
 4 FCPATH\index.php(87): CodeIgniter\CodeIgniter->run()
WARNING - 2023-11-29 17:35:04 --> [DEPRECATED] Creation of dynamic property App\Controllers\BulkInsert::$db is deprecated in APPPATH\Controllers\BaseController.php on line 58.
 1 SYSTEMPATH\CodeIgniter.php(915): App\Controllers\BaseController->initController(Object(CodeIgniter\HTTP\IncomingRequest), Object(CodeIgniter\HTTP\Response), Object(CodeIgniter\Log\Logger))
 2 SYSTEMPATH\CodeIgniter.php(493): CodeIgniter\CodeIgniter->createController()
 3 SYSTEMPATH\CodeIgniter.php(361): CodeIgniter\CodeIgniter->handleRequest(null, Object(Config\Cache), false)
 4 FCPATH\index.php(87): CodeIgniter\CodeIgniter->run()
WARNING - 2023-11-29 17:35:23 --> [DEPRECATED] Creation of dynamic property App\Controllers\BulkInsert::$db is deprecated in APPPATH\Controllers\BaseController.php on line 58.
 1 SYSTEMPATH\CodeIgniter.php(915): App\Controllers\BaseController->initController(Object(CodeIgniter\HTTP\IncomingRequest), Object(CodeIgniter\HTTP\Response), Object(CodeIgniter\Log\Logger))
 2 SYSTEMPATH\CodeIgniter.php(493): CodeIgniter\CodeIgniter->createController()
 3 SYSTEMPATH\CodeIgniter.php(361): CodeIgniter\CodeIgniter->handleRequest(null, Object(Config\Cache), false)
 4 FCPATH\index.php(87): CodeIgniter\CodeIgniter->run()
WARNING - 2023-11-29 17:36:19 --> [DEPRECATED] Creation of dynamic property App\Controllers\BulkInsert::$db is deprecated in APPPATH\Controllers\BaseController.php on line 58.
 1 SYSTEMPATH\CodeIgniter.php(915): App\Controllers\BaseController->initController(Object(CodeIgniter\HTTP\IncomingRequest), Object(CodeIgniter\HTTP\Response), Object(CodeIgniter\Log\Logger))
 2 SYSTEMPATH\CodeIgniter.php(493): CodeIgniter\CodeIgniter->createController()
 3 SYSTEMPATH\CodeIgniter.php(361): CodeIgniter\CodeIgniter->handleRequest(null, Object(Config\Cache), false)
 4 FCPATH\index.php(87): CodeIgniter\CodeIgniter->run()
WARNING - 2023-11-29 17:39:07 --> [DEPRECATED] Creation of dynamic property App\Controllers\BulkInsert::$db is deprecated in APPPATH\Controllers\BaseController.php on line 58.
 1 SYSTEMPATH\CodeIgniter.php(915): App\Controllers\BaseController->initController(Object(CodeIgniter\HTTP\IncomingRequest), Object(CodeIgniter\HTTP\Response), Object(CodeIgniter\Log\Logger))
 2 SYSTEMPATH\CodeIgniter.php(493): CodeIgniter\CodeIgniter->createController()
 3 SYSTEMPATH\CodeIgniter.php(361): CodeIgniter\CodeIgniter->handleRequest(null, Object(Config\Cache), false)
 4 FCPATH\index.php(87): CodeIgniter\CodeIgniter->run()
WARNING - 2023-11-29 17:40:17 --> [DEPRECATED] Creation of dynamic property App\Controllers\BulkInsert::$db is deprecated in APPPATH\Controllers\BaseController.php on line 58.
 1 SYSTEMPATH\CodeIgniter.php(915): App\Controllers\BaseController->initController(Object(CodeIgniter\HTTP\IncomingRequest), Object(CodeIgniter\HTTP\Response), Object(CodeIgniter\Log\Logger))
 2 SYSTEMPATH\CodeIgniter.php(493): CodeIgniter\CodeIgniter->createController()
 3 SYSTEMPATH\CodeIgniter.php(361): CodeIgniter\CodeIgniter->handleRequest(null, Object(Config\Cache), false)
 4 FCPATH\index.php(87): CodeIgniter\CodeIgniter->run()
WARNING - 2023-11-29 17:40:40 --> [DEPRECATED] Creation of dynamic property App\Controllers\BulkInsert::$db is deprecated in APPPATH\Controllers\BaseController.php on line 58.
 1 SYSTEMPATH\CodeIgniter.php(915): App\Controllers\BaseController->initController(Object(CodeIgniter\HTTP\IncomingRequest), Object(CodeIgniter\HTTP\Response), Object(CodeIgniter\Log\Logger))
 2 SYSTEMPATH\CodeIgniter.php(493): CodeIgniter\CodeIgniter->createController()
 3 SYSTEMPATH\CodeIgniter.php(361): CodeIgniter\CodeIgniter->handleRequest(null, Object(Config\Cache), false)
 4 FCPATH\index.php(87): CodeIgniter\CodeIgniter->run()
WARNING - 2023-11-29 17:49:28 --> [DEPRECATED] Creation of dynamic property App\Controllers\BulkInsert::$db is deprecated in APPPATH\Controllers\BaseController.php on line 58.
 1 SYSTEMPATH\CodeIgniter.php(915): App\Controllers\BaseController->initController(Object(CodeIgniter\HTTP\IncomingRequest), Object(CodeIgniter\HTTP\Response), Object(CodeIgniter\Log\Logger))
 2 SYSTEMPATH\CodeIgniter.php(493): CodeIgniter\CodeIgniter->createController()
 3 SYSTEMPATH\CodeIgniter.php(361): CodeIgniter\CodeIgniter->handleRequest(null, Object(Config\Cache), false)
 4 FCPATH\index.php(87): CodeIgniter\CodeIgniter->run()
WARNING - 2023-11-29 17:50:06 --> [DEPRECATED] Creation of dynamic property App\Controllers\BulkInsert::$db is deprecated in APPPATH\Controllers\BaseController.php on line 58.
 1 SYSTEMPATH\CodeIgniter.php(915): App\Controllers\BaseController->initController(Object(CodeIgniter\HTTP\IncomingRequest), Object(CodeIgniter\HTTP\Response), Object(CodeIgniter\Log\Logger))
 2 SYSTEMPATH\CodeIgniter.php(493): CodeIgniter\CodeIgniter->createController()
 3 SYSTEMPATH\CodeIgniter.php(361): CodeIgniter\CodeIgniter->handleRequest(null, Object(Config\Cache), false)
 4 FCPATH\index.php(87): CodeIgniter\CodeIgniter->run()
WARNING - 2023-11-29 17:51:15 --> [DEPRECATED] Creation of dynamic property App\Controllers\BulkInsert::$db is deprecated in APPPATH\Controllers\BaseController.php on line 58.
 1 SYSTEMPATH\CodeIgniter.php(915): App\Controllers\BaseController->initController(Object(CodeIgniter\HTTP\IncomingRequest), Object(CodeIgniter\HTTP\Response), Object(CodeIgniter\Log\Logger))
 2 SYSTEMPATH\CodeIgniter.php(493): CodeIgniter\CodeIgniter->createController()
 3 SYSTEMPATH\CodeIgniter.php(361): CodeIgniter\CodeIgniter->handleRequest(null, Object(Config\Cache), false)
 4 FCPATH\index.php(87): CodeIgniter\CodeIgniter->run()
